Arguments: 
  C:\Program Files\nodejs\node.exe C:\Users\HP\AppData\Roaming\npm\node_modules\yarn\bin\yarn.js install

PATH: 
  C:\Windows\system32;C:\Windows;C:\Windows\System32\Wbem;C:\Windows\System32\WindowsPowerShell\v1.0\;C:\Windows\System32\OpenSSH\;C:\Program Files\Microsoft VS Code\bin;C:\Program Files\nodejs\;C:\Program Files\Git\cmd;C:\Users\HP\AppData\Local\Microsoft\WindowsApps;C:\Users\HP\AppData\Local\GitHubDesktop\bin;C:\Users\HP\AppData\Roaming\npm

Yarn version: 
  1.22.19

Node version: 
  16.6.0

Platform: 
  win32 x64

Trace: 
  Error: getaddrinfo EAI_AGAIN registry.yarnpkg.com
      at GetAddrInfoReqWrap.onlookup [as oncomplete] (node:dns:71:26)

npm manifest: 
  {
    "name": "edulens",
    "version": "0.1.0",
    "private": true,
    "dependencies": {
      "@material-ui/core": "^4.11.4",
      "@material-ui/icons": "^4.11.2",
      "@reduxjs/toolkit": "^1.7.2",
      "@testing-library/jest-dom": "^5.12.0",
      "@testing-library/react": "^11.2.6",
      "@testing-library/user-event": "^12.8.3",
      "browser-router": "^0.2.0",
      "cors-anywhere": "^0.4.4",
      "fast-json-stable-stringify": "^2.1.0",
      "google-map-react": "^2.1.10",
      "google-maps-react-17": "^2.1.0",
      "lottie-web": "^5.7.8",
      "react": "^17.0.2",
      "react-cookie": "^4.1.1",
      "react-dom": "^17.0.2",
      "react-redux": "^7.2.6",
      "react-responsive-carousel": "^3.2.22",
      "react-router": "^5.2.0",
      "react-router-dom": "^5.2.0",
      "react-scripts": "^4.0.3",
      "react-spinners": "^0.10.6",
      "web-vitals": "^1.1.1"
    },
    "scripts": {
      "start": "react-scripts start",
      "build": "react-scripts build",
      "predeploy": "npm run build",
      "deploy": "gh-pages -d build",
      "test": "react-scripts test",
      "eject": "react-scripts eject"
    },
    "eslintConfig": {
      "extends": [
        "react-app",
        "react-app/jest"
      ]
    },
    "browserslist": {
      "production": [
        ">0.2%",
        "not dead",
        "not op_mini all"
      ],
      "development": [
        "last 1 chrome version",
        "last 1 firefox version",
        "last 1 safari version"
      ]
    },
    "devDependencies": {
      "gh-pages": "^3.2.0",
      "react-dev-utils": "^11.0.4",
      "terser-webpack-plugin": "^4.2.3"
    }
  }

yarn manifest: 
  No manifest

Lockfile: 
  No lockfile
